2023-01-09 10:39:42 - INFO - __payload:{'key': 'affcup_live', 'type': 1, 'start_time': '2023-01-09T19:00:00.000000', 'interval': 30, 'auto_controll_interval': 'False', 'site': 'https://vnexpress.net/', 'topic': 'AFF Cup Live', 'kwargs': {'schedule_data': [{'schedule_id': '8dcbda9e378ab7a4cd2989505bfe4216', 'team_0': 'Indonesia', 'team_1': 'Việt Nam'}]}}
2023-01-09 10:39:42 - WARNING - __response: {"data":"schedule seccessed","status":200}

start run crawl thuong thuat luc:2023-01-09T19:00:00.000000,
2023-01-09 10:39:42 - INFO - next run at: 2023-01-09 19:35:00
2023-01-09 10:39:42 - INFO - job:job: 8dcbda9e378ab7a4cd2989505bfe4216 (trigger: cron[year='2023', month='1', day='9', hour='19', minute='35', second='0'], next run at: 2023-01-09 19:35:00 +07)
2023-01-09 10:39:42 - INFO - __payload:{'key': 'affcup_live', 'type': 1, 'start_time': '2023-01-09T19:00:00.000000', 'interval': 30, 'auto_controll_interval': 'False', 'site': 'https://www.24h.com.vn/', 'topic': 'AFF Cup Live', 'kwargs': {'schedule_data': [{'schedule_id': 'e9ebd9811bf5f39203e8ab9184fd8b45', 'team_0': 'Vietnam', 'team_1': 'Indonesia'}]}}
2023-01-09 10:39:42 - WARNING - __response: {"data":"schedule seccessed","status":200}

start run crawl thuong thuat luc:2023-01-09T19:00:00.000000,
2023-01-09 10:39:42 - INFO - next run at: 2023-01-09 19:35:00
2023-01-09 10:39:42 - INFO - job:job: 8dcbda9e378ab7a4cd2989505bfe4216 (trigger: cron[year='2023', month='1', day='9', hour='19', minute='35', second='0'], next run at: 2023-01-09 19:35:00 +07)
2023-01-09 10:39:42 - INFO - job:job: e9ebd9811bf5f39203e8ab9184fd8b45 (trigger: cron[year='2023', month='1', day='9', hour='19', minute='35', second='0'], next run at: 2023-01-09 19:35:00 +07)
2023-01-09 10:39:42 - INFO - __payload:{'key': 'affcup_live', 'type': 1, 'start_time': '2023-01-10T19:00:00.000000', 'interval': 30, 'auto_controll_interval': 'False', 'site': 'https://vnexpress.net/', 'topic': 'AFF Cup Live', 'kwargs': {'schedule_data': [{'schedule_id': '876ced5bf47aa799158a8193ecef4cae', 'team_0': 'Malaysia', 'team_1': 'Thái Lan'}]}}
2023-01-09 10:39:42 - WARNING - __response: {"data":"schedule seccessed","status":200}

start run crawl thuong thuat luc:2023-01-10T19:00:00.000000,
2023-01-09 10:39:42 - INFO - next run at: 2023-01-10 19:35:00
2023-01-09 10:39:42 - INFO - job:job: 8dcbda9e378ab7a4cd2989505bfe4216 (trigger: cron[year='2023', month='1', day='9', hour='19', minute='35', second='0'], next run at: 2023-01-09 19:35:00 +07)
2023-01-09 10:39:42 - INFO - job:job: e9ebd9811bf5f39203e8ab9184fd8b45 (trigger: cron[year='2023', month='1', day='9', hour='19', minute='35', second='0'], next run at: 2023-01-09 19:35:00 +07)
2023-01-09 10:39:42 - INFO - job:job: 876ced5bf47aa799158a8193ecef4cae (trigger: cron[year='2023', month='1', day='10', hour='19', minute='35', second='0'], next run at: 2023-01-10 19:35:00 +07)
2023-01-09 10:39:42 - INFO - __payload:{'key': 'affcup_live', 'type': 1, 'start_time': '2023-01-10T19:00:00.000000', 'interval': 30, 'auto_controll_interval': 'False', 'site': 'https://www.24h.com.vn/', 'topic': 'AFF Cup Live', 'kwargs': {'schedule_data': [{'schedule_id': '0031707025bbdb1193a7dae34be19906', 'team_0': 'Thailand', 'team_1': 'Malaysia'}]}}
2023-01-09 10:39:42 - WARNING - __response: {"data":"schedule seccessed","status":200}

start run crawl thuong thuat luc:2023-01-10T19:00:00.000000,
2023-01-09 10:39:42 - INFO - next run at: 2023-01-10 19:35:00
2023-01-09 10:39:42 - INFO - job:job: 8dcbda9e378ab7a4cd2989505bfe4216 (trigger: cron[year='2023', month='1', day='9', hour='19', minute='35', second='0'], next run at: 2023-01-09 19:35:00 +07)
2023-01-09 10:39:42 - INFO - job:job: e9ebd9811bf5f39203e8ab9184fd8b45 (trigger: cron[year='2023', month='1', day='9', hour='19', minute='35', second='0'], next run at: 2023-01-09 19:35:00 +07)
2023-01-09 10:39:42 - INFO - job:job: 876ced5bf47aa799158a8193ecef4cae (trigger: cron[year='2023', month='1', day='10', hour='19', minute='35', second='0'], next run at: 2023-01-10 19:35:00 +07)
2023-01-09 10:39:42 - INFO - job:job: 0031707025bbdb1193a7dae34be19906 (trigger: cron[year='2023', month='1', day='10', hour='19', minute='35', second='0'], next run at: 2023-01-10 19:35:00 +07)
2023-01-09 10:39:42 - INFO - __payload:{'key': 'affcup_live', 'type': 1, 'start_time': '2023-01-13T19:00:00.000000', 'interval': 30, 'auto_controll_interval': 'False', 'site': 'https://www.24h.com.vn/', 'topic': 'AFF Cup Live', 'kwargs': {'schedule_data': [{'schedule_id': '13c20ebe83d37051dab329f64f735e63', 'team_0': '', 'team_1': ''}]}}
2023-01-09 10:39:42 - WARNING - __response: {"data":"schedule seccessed","status":200}

start run crawl thuong thuat luc:2023-01-13T19:00:00.000000,
2023-01-09 10:39:42 - INFO - next run at: 2023-01-13 19:35:00v
2023-01-09 10:39:42 - INFO - job:job: 8dcbda9e378ab7a4cd2989505bfe4216 (trigger: cron[year='2023', month='1', day='9', hour='19', minute='35', second='0'], next run at: 2023-01-09 19:35:00 +07)
2023-01-09 10:39:42 - INFO - job:job: e9ebd9811bf5f39203e8ab9184fd8b45 (trigger: cron[year='2023', month='1', day='9', hour='19', minute='35', second='0'], next run at: 2023-01-09 19:35:00 +07)
2023-01-09 10:39:42 - INFO - job:job: 876ced5bf47aa799158a8193ecef4cae (trigger: cron[year='2023', month='1', day='10', hour='19', minute='35', second='0'], next run at: 2023-01-10 19:35:00 +07)
2023-01-09 10:39:42 - INFO - job:job: 0031707025bbdb1193a7dae34be19906 (trigger: cron[year='2023', month='1', day='10', hour='19', minute='35', second='0'], next run at: 2023-01-10 19:35:00 +07)
2023-01-09 10:39:42 - INFO - job:job: 13c20ebe83d37051dab329f64f735e63 (trigger: cron[year='2023', month='1', day='13', hour='19', minute='35', second='0'], next run at: 2023-01-13 19:35:00 +07)
2023-01-09 10:58:09 - INFO - __payload:{'key': 'affcup_live', 'type': 1, 'start_time': '2023-01-09T19:00:00.000000', 'interval': 30, 'auto_controll_interval': 'False', 'site': 'https://vnexpress.net/', 'topic': 'AFF Cup Live', 'kwargs': {'schedule_data': [{'schedule_id': '8dcbda9e378ab7a4cd2989505bfe4216', 'team_0': 'Indonesia', 'team_1': 'Việt Nam'}]}}
2023-01-09 10:58:09 - WARNING - __response: {"data":"schedule seccessed","status":200}

start run crawl thuong thuat luc:2023-01-09T19:00:00.000000,
2023-01-09 10:58:09 - INFO - next run at: 2023-01-09 19:35:00
2023-01-09 10:58:09 - INFO - job:job: 8dcbda9e378ab7a4cd2989505bfe4216 (trigger: cron[year='2023', month='1', day='9', hour='19', minute='35', second='0'], next run at: 2023-01-09 19:35:00 +07)
2023-01-09 10:58:09 - INFO - __payload:{'key': 'affcup_live', 'type': 1, 'start_time': '2023-01-10T19:00:00.000000', 'interval': 30, 'auto_controll_interval': 'False', 'site': 'https://vnexpress.net/', 'topic': 'AFF Cup Live', 'kwargs': {'schedule_data': [{'schedule_id': '876ced5bf47aa799158a8193ecef4cae', 'team_0': 'Malaysia', 'team_1': 'Thái Lan'}]}}
2023-01-09 10:58:09 - WARNING - __response: {"data":"schedule seccessed","status":200}

start run crawl thuong thuat luc:2023-01-10T19:00:00.000000,
2023-01-09 10:58:09 - INFO - next run at: 2023-01-10 19:35:00
2023-01-09 10:58:09 - INFO - job:job: 8dcbda9e378ab7a4cd2989505bfe4216 (trigger: cron[year='2023', month='1', day='9', hour='19', minute='35', second='0'], next run at: 2023-01-09 19:35:00 +07)
2023-01-09 10:58:09 - INFO - job:job: 876ced5bf47aa799158a8193ecef4cae (trigger: cron[year='2023', month='1', day='10', hour='19', minute='35', second='0'], next run at: 2023-01-10 19:35:00 +07)
2023-01-09 10:58:09 - INFO - __payload:{'key': 'affcup_live', 'type': 1, 'start_time': '2023-01-13T19:00:00.000000', 'interval': 30, 'auto_controll_interval': 'False', 'site': 'https://www.24h.com.vn/', 'topic': 'AFF Cup Live', 'kwargs': {'schedule_data': [{'schedule_id': '13c20ebe83d37051dab329f64f735e63', 'team_0': '', 'team_1': ''}]}}
2023-01-09 10:58:09 - WARNING - __response: {"data":"schedule seccessed","status":200}

start run crawl thuong thuat luc:2023-01-13T19:00:00.000000,
2023-01-09 10:58:09 - INFO - next run at: 2023-01-13 19:35:00
2023-01-09 10:58:09 - INFO - job:job: 8dcbda9e378ab7a4cd2989505bfe4216 (trigger: cron[year='2023', month='1', day='9', hour='19', minute='35', second='0'], next run at: 2023-01-09 19:35:00 +07)
2023-01-09 10:58:09 - INFO - job:job: 876ced5bf47aa799158a8193ecef4cae (trigger: cron[year='2023', month='1', day='10', hour='19', minute='35', second='0'], next run at: 2023-01-10 19:35:00 +07)
2023-01-09 10:58:09 - INFO - job:job: 13c20ebe83d37051dab329f64f735e63 (trigger: cron[year='2023', month='1', day='13', hour='19', minute='35', second='0'], next run at: 2023-01-13 19:35:00 +07)
